This is XeTeX, Version 3.141592653-2.6-0.999996 (TeX Live 2024) (preloaded format=xelatex 2024.6.19)  19 JUN 2024 17:45
entering extended mode
 restricted \write18 enabled.
 %&-line parsing enabled.
**Assignment1_ZixuanGao23206703.tex
(./Assignment1_ZixuanGao23206703.tex
LaTeX2e <2024-06-01> patch level 1
L3 programming layer <2024-05-27>

! LaTeX Error: File `beamer.cls' not found.

Type X to quit or <RETURN> to proceed,
or enter new name. (Default extension: cls)

Enter file name: 
! Emergency stop.
<read *> 
         
l.2 \setbeamertemplate
                      {caption}[numbered]^^M 
Here is how much of TeX's memory you used:
 19 strings out of 476254
 435 string characters out of 5785481
 1918560 words of memory out of 5000000
 22658 multiletter control sequences out of 15000+600000
 558069 words of font info for 36 fonts, out of 8000000 for 9000
 14 hyphenation exceptions out of 8191
 19i,0n,29p,113b,17s stack positions out of 10000i,1000n,20000p,200000b,200000s

No pages of output.
